[00:00:04] [Server thread/INFO]: Villager cmk['Farmer'/1031, l='ServerLevel[world]', x=-530.67, y=118.00, z=-2.70] died, message: 'Farmer froze to death'
[00:00:10] [Server thread/INFO]: 3_14chulita[/127.118.68.88:55419] logged in with entity id 11283 at (-622.1153314100378, 64.16610926093821, 32.53022989636602)
[00:00:10] [Server thread/INFO]: 3_14chulita joined the game
[00:01:19] [Server thread/INFO]: [Not Secure] <Gisi_13> coordenadas
[00:01:28] [Server thread/INFO]: [Not Secure] <Gisi_13> -600 / 600
[00:01:33] [Server thread/INFO]: 3_14chulita has made the advancement [Monster Hunter]
[00:01:38] [Server thread/INFO]: Marcelox23 has made the advancement [Acquire Hardware]
[00:01:46] [Server thread/INFO]: Marcelox23 has made the advancement [Isn't It Iron Pick]
[00:01:50] [Server thread/INFO]: Gisi_13 has made the advancement [Sweet Dreams]
[00:01:53] [Server thread/INFO]: [Not Secure] <Gisi_13> Zzz
[00:02:05] [Server thread/INFO]: [Not Secure] <Gisi_13> con esta
[00:03:44] [Server thread/INFO]: Marcelox23 has made the advancement [Suit Up]
[00:03:57] [Server thread/INFO]: 3_14chulita has made the advancement [Sweet Dreams]
[00:04:00] [Server thread/INFO]: [Not Secure] <3_14chulita> zz
[00:04:12] [Server thread/INFO]: ENLEAM[/127.75.185.220:45483] logged in with entity id 14792 at (-137.5, 71.0, -9.5)
[00:04:12] [Server thread/INFO]: ENLEAM joined the game
[00:04:16] [Server thread/INFO]: [Not Secure] <Gisi_13> Zzz
[00:04:52] [Server thread/INFO]: 3_14chulita fell from a high place
[00:04:53] [Server thread/INFO]: [Not Secure] <ENLEAM> y el tp
[00:05:16] [Server thread/INFO]: [Not Secure] <ENLEAM> pongan tp xddd
[00:05:19] [Server thread/INFO]: [Not Secure] <ENLEAM> jorge kbro
[00:05:51] [Server thread/INFO]: 3_14chulita was slain by Zombie
[00:06:20] [Server thread/INFO]: [Not Secure] <Gisi_13> -900?
[00:06:29] [Server thread/INFO]: [Not Secure] <Gisi_13> -900 / 900
[00:06:31] [Server thread/INFO]: [Not Secure] <Gisi_13> ok
[00:06:36] [Server thread/INFO]: [Not Secure] <Gisi_13> porfa matenlo
[00:06:57] [Server thread/INFO]: 3_14chulita has made the advancement [Acquire Hardware]
[00:06:58] [Server thread/INFO]: Marcelox23 has made the advancement [Diamonds!]
[00:08:15] [Server thread/INFO]: Gisi_13 has made the advancement [Not Today, Thank You]
[00:08:26] [Server thread/INFO]: ENLEAM was blown up by Creeper
[00:09:35] [Server thread/WARN]: ENLEAM moved too quickly! -0.36711408596715955,-10.596058325307382,-2.0861504916409146
[00:10:10] [Server thread/INFO]: TheGatoxx7 has made the advancement [Hot Stuff]
[00:10:31] [Server thread/INFO]: TheGatoxx7 has made the advancement [Suit Up]
[00:11:10] [Server thread/INFO]: [Not Secure] <Gisi_13> si hay
[00:11:28] [Server thread/INFO]: [Not Secure] <Gisi_13> si se puede
[00:11:32] [Server thread/INFO]: [Not Secure] <Gisi_13> con patas de conejo
[00:11:37] [Server thread/INFO]: [Not Secure] <Gisi_13> cierralo tu
[00:11:50] [Server thread/INFO]: [Not Secure] <Gisi_13> rabbit
[00:12:09] [Server thread/INFO]: [Not Secure] <Gisi_13> ª
[00:12:12] [Server thread/INFO]: [Not Secure] <Gisi_13> suerte nd
[00:12:40] [Server thread/INFO]: [Not Secure] <Gisi_13> x2
[00:12:53] [Server thread/INFO]: [Not Secure] <TheGatoxx7> -900 900
[00:13:05] [Server thread/INFO]: ENLEAM has made the advancement [Stone Age]
[00:14:02] [Server thread/INFO]: ENLEAM has made the advancement [Getting an Upgrade]
[00:17:45] [Server thread/INFO]: TheGatoxx7 has made the advancement [Not Today, Thank You]
[00:19:23] [Server thread/INFO]: Gisi_13 was shot by Skeleton
[00:19:36] [Server thread/INFO]: [Not Secure] <ENLEAM> dasjfjagj'
[00:21:21] [Server thread/INFO]: [Not Secure] <Gisi_13> yaya normal
[00:21:32] [Server thread/INFO]: 3_14chulita has made the advancement [Isn't It Iron Pick]
[00:22:17] [Server thread/INFO]: 3_14chulita has made the advancement [Suit Up]
[00:22:35] [Server thread/INFO]: Marcelox23 has made the advancement [Ice Bucket Challenge]
[00:22:51] [Server thread/INFO]: 3_14chulita has made the advancement [Diamonds!]
[00:23:09] [Server thread/INFO]: TheGatoxx7 has made the advancement [Diamonds!]
[00:24:19] [Server thread/INFO]: [Not Secure] <Gisi_13> por respeto a los autistas no le digas autista a francis, ndqmrd
[00:25:31] [Server thread/INFO]: [Not Secure] <3_14chulita> -614/-26
[00:25:55] [Server thread/INFO]: [Not Secure] <3_14chulita> -613/-28/-72
[00:26:45] [Server thread/INFO]: [Not Secure] <Gisi_13> Zzz
[00:28:21] [Server thread/INFO]: Gisi_13 was slain by Zombie
[00:28:42] [Server thread/INFO]: Gisi_13 was shot by Skeleton
[00:28:55] [Server thread/INFO]: [Not Secure] <3_14chulita> -597/-40/-59
[00:29:54] [Server thread/INFO]: Marcelox23 has made the advancement [Sweet Dreams]
[00:29:59] [Server thread/INFO]: Gisi_13 has made the advancement [Suit Up]
[00:32:12] [Server thread/INFO]: ENLEAM has made the advancement [Monster Hunter]
[00:34:00] [Server thread/INFO]: [Not Secure] <Gisi_13> a las justas vivo en la vida real y quieres ponerlo en hardcore
[00:34:22] [Server thread/INFO]: [Not Secure] <Gisi_13> no quise ps
[00:34:24] [Server thread/INFO]: [Not Secure] <Gisi_13> webon
[00:34:32] [Server thread/INFO]: [Not Secure] <Gisi_13> XD
[00:36:36] [Server thread/WARN]: Mismatch in destroy block pos: jd{x=-834, y=95, z=871} jd{x=-834, y=95, z=870}
[00:36:36] [Server thread/WARN]: Mismatch in destroy block pos: jd{x=-834, y=95, z=871} jd{x=-834, y=95, z=870}
[00:36:36] [Server thread/WARN]: Mismatch in destroy block pos: jd{x=-834, y=95, z=871} jd{x=-834, y=95, z=870}
[00:38:30] [Server thread/WARN]: Gisi_13 moved too quickly! -1.9552755040402872,-10.154791163368536,-0.02467385893851315
[00:39:33] [Server thread/INFO]: ENLEAM was slain by 3_14chulita
[00:40:51] [Server thread/WARN]: Gisi_13 moved too quickly! 2.1401275401684643,-11.011337373112042,0.43986592500471033
[00:41:46] [Server thread/INFO]: Marcelox23 has made the advancement [A Seedy Place]
[00:42:21] [Server thread/INFO]: [Not Secure] <ENLEAM> un chanchazo>>>
[00:42:55] [Server thread/INFO]: Gisi_13 lost connection: Disconnected
[00:42:55] [Server thread/INFO]: Gisi_13 left the game
[00:43:01] [Server thread/INFO]: [Not Secure] <ENLEAM> oe jorge xd
[00:43:04] [Server thread/INFO]: [Not Secure] <ENLEAM> mira donde estoy
[00:43:11] [Server thread/INFO]: [Not Secure] <ENLEAM> la mrd de la nieve en polvo xsm
[00:43:56] [Server thread/INFO]: Marcelox23 has made the advancement [Not Today, Thank You]
[00:44:38] [Server thread/INFO]: ENLEAM has made the advancement [Acquire Hardware]
